<?xml version="1.0" encoding="UTF-8"?>
<testsuite xmlns:xsi="http://www.w3.org/2001/XMLSchema-instance" xsi:noNamespaceSchemaLocation="https://maven.apache.org/surefire/maven-surefire-plugin/xsd/surefire-test-report.xsd" name="com.training.process.WeatherTest" time="0.847" tests="2" errors="0" skipped="0" failures="0">
  <properties>
[...]
</properties>
  <testcase name="shouldReturnExpectedWeatherObject" classname="com.training.process.WeatherTest" time="0.023"/>
  <testcase name="shouldReturnWeatherObjectWithErrorCode" classname="com.training.process.WeatherTest" time="0"/>
</testsuite>